2021-12-16 00:04:42.901  INFO [,,] 20752 --- [restartedMain] com.estate.EstateApplication             : Starting EstateApplication using Java 1.8.0_131 on OMEN with PID 20752 (E:\ITE\fifth year\web apps\practical\project\estate\target\classes started by Jehad in E:\ITE\fifth year\web apps\practical\project\estate)
2021-12-16 00:04:42.915  INFO [,,] 20752 --- [restartedMain] com.estate.EstateApplication             : No active profile set, falling back to default profiles: default
2021-12-16 00:04:43.083  INFO [,,] 20752 --- [restartedMain] .e.DevToolsPropertyDefaultsPostProcessor : Devtools property defaults active! Set 'spring.devtools.add-properties' to 'false' to disable
2021-12-16 00:04:43.084  INFO [,,] 20752 --- [restartedMain] .e.DevToolsPropertyDefaultsPostProcessor : For additional web related logging consider setting the 'logging.level.web' property to 'DEBUG'
2021-12-16 00:04:45.477  INFO [,,] 20752 --- [restartedMain] .s.d.r.c.RepositoryConfigurationDelegate : Multiple Spring Data modules found, entering strict repository configuration mode!
2021-12-16 00:04:45.482  INFO [,,] 20752 --- [restartedMain] .s.d.r.c.RepositoryConfigurationDelegate : Bootstrapping Spring Data JPA repositories in DEFAULT mode.
2021-12-16 00:04:45.791  INFO [,,] 20752 --- [restartedMain] .s.d.r.c.RepositoryConfigurationDelegate : Finished Spring Data repository scanning in 291 ms. Found 5 JPA repository interfaces.
2021-12-16 00:04:45.826  INFO [,,] 20752 --- [restartedMain] .s.d.r.c.RepositoryConfigurationDelegate : Multiple Spring Data modules found, entering strict repository configuration mode!
2021-12-16 00:04:45.828  INFO [,,] 20752 --- [restartedMain] .s.d.r.c.RepositoryConfigurationDelegate : Bootstrapping Spring Data Redis repositories in DEFAULT mode.
2021-12-16 00:04:45.848  INFO [,,] 20752 --- [restartedMain] .RepositoryConfigurationExtensionSupport : Spring Data Redis - Could not safely identify store assignment for repository candidate interface com.estate.assets.dbrepository.EstateLogRepository. If you want this repository to be a Redis repository, consider annotating your entities with one of these annotations: org.springframework.data.redis.core.RedisHash (preferred), or consider extending one of the following types with your repository: org.springframework.data.keyvalue.repository.KeyValueRepository.
2021-12-16 00:04:45.849  INFO [,,] 20752 --- [restartedMain] .RepositoryConfigurationExtensionSupport : Spring Data Redis - Could not safely identify store assignment for repository candidate interface com.estate.assets.dbrepository.ParametersRepository. If you want this repository to be a Redis repository, consider annotating your entities with one of these annotations: org.springframework.data.redis.core.RedisHash (preferred), or consider extending one of the following types with your repository: org.springframework.data.keyvalue.repository.KeyValueRepository.
2021-12-16 00:04:45.850  INFO [,,] 20752 --- [restartedMain] .RepositoryConfigurationExtensionSupport : Spring Data Redis - Could not safely identify store assignment for repository candidate interface com.estate.assets.dbrepository.UserRepository. If you want this repository to be a Redis repository, consider annotating your entities with one of these annotations: org.springframework.data.redis.core.RedisHash (preferred), or consider extending one of the following types with your repository: org.springframework.data.keyvalue.repository.KeyValueRepository.
2021-12-16 00:04:45.851  INFO [,,] 20752 --- [restartedMain] .RepositoryConfigurationExtensionSupport : Spring Data Redis - Could not safely identify store assignment for repository candidate interface com.estate.components.estateAPIs.EstateRepository. If you want this repository to be a Redis repository, consider annotating your entities with one of these annotations: org.springframework.data.redis.core.RedisHash (preferred), or consider extending one of the following types with your repository: org.springframework.data.keyvalue.repository.KeyValueRepository.
2021-12-16 00:04:45.852  INFO [,,] 20752 --- [restartedMain] .RepositoryConfigurationExtensionSupport : Spring Data Redis - Could not safely identify store assignment for repository candidate interface com.estate.components.parameters.ParameterRepository. If you want this repository to be a Redis repository, consider annotating your entities with one of these annotations: org.springframework.data.redis.core.RedisHash (preferred), or consider extending one of the following types with your repository: org.springframework.data.keyvalue.repository.KeyValueRepository.
2021-12-16 00:04:45.852  INFO [,,] 20752 --- [restartedMain] .s.d.r.c.RepositoryConfigurationDelegate : Finished Spring Data repository scanning in 10 ms. Found 0 Redis repository interfaces.
2021-12-16 00:04:46.456  INFO [,,] 20752 --- [restartedMain] o.s.cloud.context.scope.GenericScope     : BeanFactory id=84aa32da-a77f-305f-bb5c-66f87fca6ce6
2021-12-16 00:04:55.982  INFO [,,] 20752 --- [restartedMain] o.s.b.w.embedded.tomcat.TomcatWebServer  : Tomcat initialized with port(s): 8080 (http)
2021-12-16 00:04:55.996  INFO [,,] 20752 --- [restartedMain] o.apache.catalina.core.StandardService   : Starting service [Tomcat]
2021-12-16 00:04:55.996  INFO [,,] 20752 --- [restartedMain] org.apache.catalina.core.StandardEngine  : Starting Servlet engine: [Apache Tomcat/9.0.55]
2021-12-16 00:04:56.186  INFO [,,] 20752 --- [restartedMain] o.a.c.c.C.[Tomcat].[localhost].[/]       : Initializing Spring embedded WebApplicationContext
2021-12-16 00:04:56.186  INFO [,,] 20752 --- [restartedMain] w.s.c.ServletWebServerApplicationContext : Root WebApplicationContext: initialization completed in 13101 ms
2021-12-16 00:04:56.894  INFO [,,] 20752 --- [restartedMain] o.hibernate.jpa.internal.util.LogHelper  : HHH000204: Processing PersistenceUnitInfo [name: default]
2021-12-16 00:04:57.013  INFO [,,] 20752 --- [restartedMain] org.hibernate.Version                    : HHH000412: Hibernate ORM core version 5.6.1.Final
2021-12-16 00:04:57.344  INFO [,,] 20752 --- [restartedMain] o.hibernate.annotations.common.Version   : HCANN000001: Hibernate Commons Annotations {5.1.2.Final}
2021-12-16 00:04:57.773  INFO [,,] 20752 --- [restartedMain] com.zaxxer.hikari.HikariDataSource       : HikariPool-1 - Starting...
2021-12-16 00:04:58.087  INFO [,,] 20752 --- [restartedMain] com.zaxxer.hikari.HikariDataSource       : HikariPool-1 - Start completed.
2021-12-16 00:04:58.146  INFO [,,] 20752 --- [restartedMain] org.hibernate.dialect.Dialect            : HHH000400: Using dialect: org.hibernate.dialect.MySQL8Dialect
2021-12-16 00:04:59.335  INFO [,,] 20752 --- [restartedMain] o.h.e.t.j.p.i.JtaPlatformInitiator       : HHH000490: Using JtaPlatform implementation: [org.hibernate.engine.transaction.jta.platform.internal.NoJtaPlatform]
2021-12-16 00:04:59.346  INFO [,,] 20752 --- [restartedMain] j.LocalContainerEntityManagerFactoryBean : Initialized JPA EntityManagerFactory for persistence unit 'default'
2021-12-16 00:05:00.513  WARN [,,] 20752 --- [restartedMain] JpaBaseConfiguration$JpaWebConfiguration : spring.jpa.open-in-view is enabled by default. Therefore, database queries may be performed during view rendering. Explicitly configure spring.jpa.open-in-view to disable this warning
2021-12-16 00:05:01.300  INFO [,,] 20752 --- [restartedMain] o.s.b.a.w.s.WelcomePageHandlerMapping    : Adding welcome page template: index
2021-12-16 00:05:04.190  INFO [,,] 20752 --- [restartedMain] o.s.s.web.DefaultSecurityFilterChain     : Will secure any request with [org.springframework.security.web.context.request.async.WebAsyncManagerIntegrationFilter@241e8c4a, org.springframework.security.web.context.SecurityContextPersistenceFilter@6eed8c63, org.springframework.security.web.header.HeaderWriterFilter@440d22a8, org.springframework.security.web.csrf.CsrfFilter@35d0d191, org.springframework.security.web.authentication.logout.LogoutFilter@5f32bfa4, org.springframework.security.web.authentication.UsernamePasswordAuthenticationFilter@206c4fb3, org.springframework.security.web.authentication.ui.DefaultLoginPageGeneratingFilter@5f860e8a, org.springframework.security.web.authentication.ui.DefaultLogoutPageGeneratingFilter@19138efb, org.springframework.security.web.savedrequest.RequestCacheAwareFilter@5e02000a, org.springframework.security.web.servletapi.SecurityContextHolderAwareRequestFilter@2551104b, org.springframework.security.web.authentication.AnonymousAuthenticationFilter@4a3ef704, org.springframework.security.web.session.SessionManagementFilter@3800bb64, org.springframework.security.web.access.ExceptionTranslationFilter@60a06695, org.springframework.security.web.access.intercept.FilterSecurityInterceptor@682edcb9]
2021-12-16 00:05:04.310  INFO [,,] 20752 --- [restartedMain] o.s.b.d.a.OptionalLiveReloadServer       : LiveReload server is running on port 35729
2021-12-16 00:05:05.374  INFO [,,] 20752 --- [restartedMain] o.s.b.a.e.web.EndpointLinksResolver      : Exposing 1 endpoint(s) beneath base path '/actuator'
2021-12-16 00:05:05.434  INFO [,,] 20752 --- [restartedMain] o.s.b.w.embedded.tomcat.TomcatWebServer  : Tomcat started on port(s): 8080 (http) with context path ''
2021-12-16 00:05:07.058  INFO [,,] 20752 --- [restartedMain] s.a.ScheduledAnnotationBeanPostProcessor : No TaskScheduler/ScheduledExecutorService bean found for scheduled processing
2021-12-16 00:05:07.076  INFO [,,] 20752 --- [restartedMain] com.estate.EstateApplication             : Started EstateApplication in 25.835 seconds (JVM running for 27.201)
